2023-11-22 20:49:35,053 - INFO - 
2023-11-22 20:49:35,053 - INFO - 
2023-11-22 20:49:35,053 - INFO - Sample Size to Create Embeddings:10
2023-11-22 20:49:35,054 - INFO - 
2023-11-22 20:49:35,054 - INFO - Ham:5 or 50.00% - Spam:5 or 50.00%
2023-11-22 20:49:35,054 - INFO - 
2023-11-22 20:49:35,054 - INFO - Send Request for Embeddings
2023-11-22 20:49:37,398 - INFO - 
2023-11-22 20:49:37,398 - INFO - Create Dataframe with Embedding as features and class_embedding as class labels:
2023-11-22 20:49:37,398 - INFO -    Unnamed: 0 OUTPUT                                              TWEET  \
0           0    ham  Go until jurong point, crazy.. Available only ...   
1           1    ham                      Ok lar... Joking wif u oni...   
3           3    ham  U dun say so early hor... U c already then say...   
4           4    ham  Nah I don't think he goes to usf, he lives aro...   
6           6    ham  Even my brother is not like to speak with me. ...   

                                   embedding_feature  class_embeddings  
0  [-0.011926770210266113, -0.026225026696920395,...                 0  
1  [-0.0015009185299277306, -0.031010281294584274...                 0  
3  [0.010840782895684242, -0.011349951848387718, ...                 0  
4  [0.01273238006979227, -7.17325383448042e-05, 0...                 0  
6  [-0.012125612236559391, -0.030779363587498665,...                 0  
2023-11-22 20:49:37,400 - INFO - 
2023-11-22 20:49:37,401 - INFO - Save Dataframe to CSV.
